{"name":"Verify a successful registration in Utest","id":"i-as-a-utest-user;verify-a-successful-registration-in-utest","testSteps":[{"number":1,"description":"Given than user enters the website","duration":6495,"startTime":"2022-04-13T17:03:31.628-05:00[America/Bogota]","screenshots":[{"screenshot":"cda1a66da316d0ac6904ad26b77239c964ce96d83d2404ceddb10e0f0a19d805.png"}],"result":"SUCCESS","precondition":false,"children":[{"number":2,"description":"user opens the Utest home page","duration":6063,"startTime":"2022-04-13T17:03:31.913-05:00[America/Bogota]","screenshots":[{"screenshot":"cda1a66da316d0ac6904ad26b77239c964ce96d83d2404ceddb10e0f0a19d805.png"}],"result":"SUCCESS","precondition":false}]},{"number":3,"description":"When you fill out the registration form\r\n| strFirstName | strLastName | strEmail | strDateOfBirth | strLanguage | strCity | strPostalCode | strCountry |\r\n| luis | Perez | pepitoperez@ramau.com | 12/09/2000 | Spanish | Cartegena | 3920 | Colombia |","duration":12532,"startTime":"2022-04-13T17:03:38.123-05:00[America/Bogota]","exception":{"errorType":"net.thucydides.core.webdriver.exceptions.ElementShouldBeEnabledException","message":"The following error occurred: Expected enabled element was not enabled","stackTrace":[{"declaringClass":"pruebautes.tasks.FillForm","methodName":"performAs","fileName":"FillForm.java","lineNumber":31},{"declaringClass":"pruebautes.stepdefinitions.UtestStepDefinitions","methodName":"youFillOutTheRegistrationForm","fileName":"UtestStepDefinitions.java","lineNumber":30},{"declaringClass":"cucumber.runner.Runner","methodName":"runPickle","fileName":"Runner.java","lineNumber":80}],"rootCause":{"errorType":"org.openqa.selenium.TimeoutException","message":"Expected condition failed: waiting for By.xpath: //a[contains(@class,\u0027caret pull-right\u0027)] to be enabled (tried for 5 second(s) with 100 milliseconds interval)","stackTrace":[{"declaringClass":"pruebautes.tasks.FillForm","methodName":"performAs","fileName":"FillForm.java","lineNumber":31},{"declaringClass":"pruebautes.stepdefinitions.UtestStepDefinitions","methodName":"youFillOutTheRegistrationForm","fileName":"UtestStepDefinitions.java","lineNumber":30},{"declaringClass":"cucumber.runner.Runner","methodName":"runPickle","fileName":"Runner.java","lineNumber":80}],"rootCause":{"errorType":"org.openqa.selenium.NoSuchElementException","message":"no such element: Unable to locate element: {\"method\":\"xpath\",\"selector\":\"//a[contains(@class,\u0027caret pull-right\u0027)]\"}\n  (Session info: chrome\u003d100.0.4896.88)\nFor documentation on this error, please visit: http://seleniumhq.org/exceptions/no_such_element.html\nBuild info: version: \u00273.11.0\u0027, revision: \u0027e59cfb3\u0027, time: \u00272018-03-11T20:26:55.152Z\u0027\nSystem info: host: \u0027CHMEPPF350WY6\u0027, ip: \u0027192.168.1.35\u0027, os.name: \u0027Windows 10\u0027, os.arch: \u0027amd64\u0027, os.version: \u002710.0\u0027, java.version: \u00271.8.0_131\u0027\nDriver info: org.openqa.selenium.remote.RemoteWebDriver\nCapabilities {acceptInsecureCerts: false, browserName: chrome, browserVersion: 100.0.4896.88, chrome: {chromedriverVersion: 100.0.4896.20 (f9d71f93d32a..., userDataDir: C:\\Users\\lpetro\\AppData\\Loc...}, goog:chromeOptions: {debuggerAddress: localhost:52034}, javascriptEnabled: true, networkConnectionEnabled: false, pageLoadStrategy: normal, platform: WINDOWS, platformName: WINDOWS, proxy: Proxy(), setWindowRect: true, strictFileInteractability: false, timeouts: {implicit: 0, pageLoad: 300000, script: 30000}, unhandledPromptBehavior: dismiss and notify, webauthn:extension:credBlob: true, webauthn:extension:largeBlob: true, webauthn:virtualAuthenticators: true}\nSession ID: 181b3dd41f49b397d452871ea9c6240d\n*** Element info: {Using\u003dxpath, value\u003d//a[contains(@class,\u0027caret pull-right\u0027)]}","stackTrace":[{"declaringClass":"pruebautes.tasks.FillForm","methodName":"performAs","fileName":"FillForm.java","lineNumber":31},{"declaringClass":"pruebautes.stepdefinitions.UtestStepDefinitions","methodName":"youFillOutTheRegistrationForm","fileName":"UtestStepDefinitions.java","lineNumber":30},{"declaringClass":"cucumber.runner.Runner","methodName":"runPickle","fileName":"Runner.java","lineNumber":80}]}}},"result":"FAILURE","precondition":false,"children":[{"number":4,"description":"user clicks on Button join today","duration":444,"startTime":"2022-04-13T17:03:38.180-05:00[America/Bogota]","screenshots":[{"screenshot":"ea1046df048abd1d57fca22faf880d4ec272487f2945ce5eed7e1e13fb6f1171.png"}],"result":"SUCCESS","precondition":false},{"number":5,"description":"user enters \u0027luis\u0027 into First Name","duration":413,"startTime":"2022-04-13T17:03:38.626-05:00[America/Bogota]","screenshots":[{"screenshot":"decd9b3685814ed56cfcc8ebe97664bb518b08129cf969c49504461ca39abf2a.png"}],"result":"SUCCESS","precondition":false},{"number":6,"description":"user enters \u0027Perez\u0027 into Last Name","duration":370,"startTime":"2022-04-13T17:03:39.040-05:00[America/Bogota]","screenshots":[{"screenshot":"7224fbfcdeea709d97c05a7aab603a47ffba2ee9ba61b6c7c84ff91c1839d4f5.png"}],"result":"SUCCESS","precondition":false},{"number":7,"description":"user enters \u0027pepitoperez@ramau.com\u0027 into Email","duration":406,"startTime":"2022-04-13T17:03:39.412-05:00[America/Bogota]","screenshots":[{"screenshot":"5d1a6429eec522f77ef2ed49c2431c847337de18a7cb224d3a336f9c19b1ac56.png"}],"result":"SUCCESS","precondition":false},{"number":8,"description":"user select June on Month","duration":457,"startTime":"2022-04-13T17:03:39.821-05:00[America/Bogota]","screenshots":[{"screenshot":"752f09ed5ddeaf6a88f95b90f3ddf15d7c8579a203855267af7e2fa30340fc44.png"}],"result":"SUCCESS","precondition":false},{"number":9,"description":"user select 15 on Day","duration":911,"startTime":"2022-04-13T17:03:40.281-05:00[America/Bogota]","screenshots":[{"screenshot":"2aec431c02f14b2302497da3ea7bdf5fcbc8cc7842579359b160dab5782abfff.png"}],"result":"SUCCESS","precondition":false},{"number":10,"description":"user select 1994 on Year","duration":605,"startTime":"2022-04-13T17:03:41.194-05:00[America/Bogota]","screenshots":[{"screenshot":"e9776ae8881b7bee0fbe90e6f32196ab6115ded4861a240e7fe0ed0fe35dab74.png"}],"result":"SUCCESS","precondition":false},{"number":11,"description":"user clicks on Button Next","duration":518,"startTime":"2022-04-13T17:03:41.800-05:00[America/Bogota]","screenshots":[{"screenshot":"9380655f27e74b1331e001086c43808141ba7c93f9207396990f6a5e891da944.png"}],"result":"SUCCESS","precondition":false},{"number":12,"description":"user enters \u0027Cartegenaî€•\u0027 into City","duration":546,"startTime":"2022-04-13T17:03:42.320-05:00[America/Bogota]","screenshots":[{"screenshot":"f1c2e262b2ceda69cc146b429e7040db7c4ae43a22d537b6147b75983ed3122d.png"}],"result":"SUCCESS","precondition":false},{"number":13,"description":"user types \u0027ARROW_DOWN\u0027 in City","duration":423,"startTime":"2022-04-13T17:03:42.870-05:00[America/Bogota]","screenshots":[{"screenshot":"e43a1af9a6e1079620aac024f9f929a0dd44dd615497012fe8dd9cfa8cea3e55.png"}],"result":"SUCCESS","precondition":false},{"number":14,"description":"user enters \u00273920\u0027 into Postal Code","duration":446,"startTime":"2022-04-13T17:03:43.295-05:00[America/Bogota]","screenshots":[{"screenshot":"5f83f781306a21ad320f4ff4e5c3d6e4ce2726f3d14731a29948d76acdcf1c17.png"}],"result":"SUCCESS","precondition":false},{"number":15,"description":"user enters \u0027Colombia\u0027 into Coutry","duration":6909,"startTime":"2022-04-13T17:03:43.743-05:00[America/Bogota]","screenshots":[{"screenshot":"fb839d3fbc0e256e3931a848d8516a7e02f92171102f58b75842b63e2cea60c9.png","htmlSource":"pagesource8053461596174586405.html.txt"}],"exception":{"errorType":"net.thucydides.core.webdriver.exceptions.ElementShouldBeEnabledException","message":"The following error occurred: Expected enabled element was not enabled","stackTrace":[{"declaringClass":"pruebautes.tasks.FillForm","methodName":"performAs","fileName":"FillForm.java","lineNumber":31},{"declaringClass":"pruebautes.stepdefinitions.UtestStepDefinitions","methodName":"youFillOutTheRegistrationForm","fileName":"UtestStepDefinitions.java","lineNumber":30},{"declaringClass":"cucumber.runner.Runner","methodName":"runPickle","fileName":"Runner.java","lineNumber":80}],"rootCause":{"errorType":"org.openqa.selenium.TimeoutException","message":"Expected condition failed: waiting for By.xpath: //a[contains(@class,\u0027caret pull-right\u0027)] to be enabled (tried for 5 second(s) with 100 milliseconds interval)","stackTrace":[{"declaringClass":"pruebautes.tasks.FillForm","methodName":"performAs","fileName":"FillForm.java","lineNumber":31},{"declaringClass":"pruebautes.stepdefinitions.UtestStepDefinitions","methodName":"youFillOutTheRegistrationForm","fileName":"UtestStepDefinitions.java","lineNumber":30},{"declaringClass":"cucumber.runner.Runner","methodName":"runPickle","fileName":"Runner.java","lineNumber":80}],"rootCause":{"errorType":"org.openqa.selenium.NoSuchElementException","message":"no such element: Unable to locate element: {\"method\":\"xpath\",\"selector\":\"//a[contains(@class,\u0027caret pull-right\u0027)]\"}\n  (Session info: chrome\u003d100.0.4896.88)\nFor documentation on this error, please visit: http://seleniumhq.org/exceptions/no_such_element.html\nBuild info: version: \u00273.11.0\u0027, revision: \u0027e59cfb3\u0027, time: \u00272018-03-11T20:26:55.152Z\u0027\nSystem info: host: \u0027CHMEPPF350WY6\u0027, ip: \u0027192.168.1.35\u0027, os.name: \u0027Windows 10\u0027, os.arch: \u0027amd64\u0027, os.version: \u002710.0\u0027, java.version: \u00271.8.0_131\u0027\nDriver info: org.openqa.selenium.remote.RemoteWebDriver\nCapabilities {acceptInsecureCerts: false, browserName: chrome, browserVersion: 100.0.4896.88, chrome: {chromedriverVersion: 100.0.4896.20 (f9d71f93d32a..., userDataDir: C:\\Users\\lpetro\\AppData\\Loc...}, goog:chromeOptions: {debuggerAddress: localhost:52034}, javascriptEnabled: true, networkConnectionEnabled: false, pageLoadStrategy: normal, platform: WINDOWS, platformName: WINDOWS, proxy: Proxy(), setWindowRect: true, strictFileInteractability: false, timeouts: {implicit: 0, pageLoad: 300000, script: 30000}, unhandledPromptBehavior: dismiss and notify, webauthn:extension:credBlob: true, webauthn:extension:largeBlob: true, webauthn:virtualAuthenticators: true}\nSession ID: 181b3dd41f49b397d452871ea9c6240d\n*** Element info: {Using\u003dxpath, value\u003d//a[contains(@class,\u0027caret pull-right\u0027)]}","stackTrace":[{"declaringClass":"pruebautes.tasks.FillForm","methodName":"performAs","fileName":"FillForm.java","lineNumber":31},{"declaringClass":"pruebautes.stepdefinitions.UtestStepDefinitions","methodName":"youFillOutTheRegistrationForm","fileName":"UtestStepDefinitions.java","lineNumber":30},{"declaringClass":"cucumber.runner.Runner","methodName":"runPickle","fileName":"Runner.java","lineNumber":80}]}}},"result":"FAILURE","precondition":false}]},{"number":16,"description":"Perform as: user","duration":3,"startTime":"2022-04-13T17:03:50.656-05:00[America/Bogota]","exception":{"errorType":"net.thucydides.core.webdriver.exceptions.ElementShouldBeEnabledException","message":"The following error occurred: Expected enabled element was not enabled","stackTrace":[{"declaringClass":"pruebautes.tasks.FillForm","methodName":"performAs","fileName":"FillForm.java","lineNumber":31},{"declaringClass":"pruebautes.stepdefinitions.UtestStepDefinitions","methodName":"youFillOutTheRegistrationForm","fileName":"UtestStepDefinitions.java","lineNumber":30},{"declaringClass":"cucumber.runner.Runner","methodName":"runPickle","fileName":"Runner.java","lineNumber":80}],"rootCause":{"errorType":"org.openqa.selenium.TimeoutException","message":"Expected condition failed: waiting for By.xpath: //a[contains(@class,\u0027caret pull-right\u0027)] to be enabled (tried for 5 second(s) with 100 milliseconds interval)","stackTrace":[{"declaringClass":"pruebautes.tasks.FillForm","methodName":"performAs","fileName":"FillForm.java","lineNumber":31},{"declaringClass":"pruebautes.stepdefinitions.UtestStepDefinitions","methodName":"youFillOutTheRegistrationForm","fileName":"UtestStepDefinitions.java","lineNumber":30},{"declaringClass":"cucumber.runner.Runner","methodName":"runPickle","fileName":"Runner.java","lineNumber":80}],"rootCause":{"errorType":"org.openqa.selenium.NoSuchElementException","message":"no such element: Unable to locate element: {\"method\":\"xpath\",\"selector\":\"//a[contains(@class,\u0027caret pull-right\u0027)]\"}\n  (Session info: chrome\u003d100.0.4896.88)\nFor documentation on this error, please visit: http://seleniumhq.org/exceptions/no_such_element.html\nBuild info: version: \u00273.11.0\u0027, revision: \u0027e59cfb3\u0027, time: \u00272018-03-11T20:26:55.152Z\u0027\nSystem info: host: \u0027CHMEPPF350WY6\u0027, ip: \u0027192.168.1.35\u0027, os.name: \u0027Windows 10\u0027, os.arch: \u0027amd64\u0027, os.version: \u002710.0\u0027, java.version: \u00271.8.0_131\u0027\nDriver info: org.openqa.selenium.remote.RemoteWebDriver\nCapabilities {acceptInsecureCerts: false, browserName: chrome, browserVersion: 100.0.4896.88, chrome: {chromedriverVersion: 100.0.4896.20 (f9d71f93d32a..., userDataDir: C:\\Users\\lpetro\\AppData\\Loc...}, goog:chromeOptions: {debuggerAddress: localhost:52034}, javascriptEnabled: true, networkConnectionEnabled: false, pageLoadStrategy: normal, platform: WINDOWS, platformName: WINDOWS, proxy: Proxy(), setWindowRect: true, strictFileInteractability: false, timeouts: {implicit: 0, pageLoad: 300000, script: 30000}, unhandledPromptBehavior: dismiss and notify, webauthn:extension:credBlob: true, webauthn:extension:largeBlob: true, webauthn:virtualAuthenticators: true}\nSession ID: 181b3dd41f49b397d452871ea9c6240d\n*** Element info: {Using\u003dxpath, value\u003d//a[contains(@class,\u0027caret pull-right\u0027)]}","stackTrace":[{"declaringClass":"pruebautes.tasks.FillForm","methodName":"performAs","fileName":"FillForm.java","lineNumber":31},{"declaringClass":"pruebautes.stepdefinitions.UtestStepDefinitions","methodName":"youFillOutTheRegistrationForm","fileName":"UtestStepDefinitions.java","lineNumber":30},{"declaringClass":"cucumber.runner.Runner","methodName":"runPickle","fileName":"Runner.java","lineNumber":80}]}}},"result":"FAILURE","precondition":false}],"userStory":{"id":"i-as-a-utest-user","storyName":"I as a Utest user","path":"src/test/resources/features/Utest.feature","narrative":"  I want to be able to register on your website\n  To have access to all its functions","type":"feature"},"featureTag":{"name":"Features/I as a Utest user","type":"feature"},"title":"Verify a successful registration in Utest","tags":[{"name":"I as a utest user","type":"feature"},{"name":"stories","type":"tag"}],"startTime":"2022-04-13T17:03:31.188-05:00[America/Bogota]","duration":19692,"testFailureCause":{"errorType":"net.thucydides.core.webdriver.exceptions.ElementShouldBeEnabledException","message":"The following error occurred: Expected enabled element was not enabled","stackTrace":[{"declaringClass":"pruebautes.tasks.FillForm","methodName":"performAs","fileName":"FillForm.java","lineNumber":31},{"declaringClass":"pruebautes.stepdefinitions.UtestStepDefinitions","methodName":"youFillOutTheRegistrationForm","fileName":"UtestStepDefinitions.java","lineNumber":30},{"declaringClass":"cucumber.runner.Runner","methodName":"runPickle","fileName":"Runner.java","lineNumber":80}],"rootCause":{"errorType":"org.openqa.selenium.TimeoutException","message":"Expected condition failed: waiting for By.xpath: //a[contains(@class,\u0027caret pull-right\u0027)] to be enabled (tried for 5 second(s) with 100 milliseconds interval)","stackTrace":[{"declaringClass":"pruebautes.tasks.FillForm","methodName":"performAs","fileName":"FillForm.java","lineNumber":31},{"declaringClass":"pruebautes.stepdefinitions.UtestStepDefinitions","methodName":"youFillOutTheRegistrationForm","fileName":"UtestStepDefinitions.java","lineNumber":30},{"declaringClass":"cucumber.runner.Runner","methodName":"runPickle","fileName":"Runner.java","lineNumber":80}],"rootCause":{"errorType":"org.openqa.selenium.NoSuchElementException","message":"no such element: Unable to locate element: {\"method\":\"xpath\",\"selector\":\"//a[contains(@class,\u0027caret pull-right\u0027)]\"}\n  (Session info: chrome\u003d100.0.4896.88)\nFor documentation on this error, please visit: http://seleniumhq.org/exceptions/no_such_element.html\nBuild info: version: \u00273.11.0\u0027, revision: \u0027e59cfb3\u0027, time: \u00272018-03-11T20:26:55.152Z\u0027\nSystem info: host: \u0027CHMEPPF350WY6\u0027, ip: \u0027192.168.1.35\u0027, os.name: \u0027Windows 10\u0027, os.arch: \u0027amd64\u0027, os.version: \u002710.0\u0027, java.version: \u00271.8.0_131\u0027\nDriver info: org.openqa.selenium.remote.RemoteWebDriver\nCapabilities {acceptInsecureCerts: false, browserName: chrome, browserVersion: 100.0.4896.88, chrome: {chromedriverVersion: 100.0.4896.20 (f9d71f93d32a..., userDataDir: C:\\Users\\lpetro\\AppData\\Loc...}, goog:chromeOptions: {debuggerAddress: localhost:52034}, javascriptEnabled: true, networkConnectionEnabled: false, pageLoadStrategy: normal, platform: WINDOWS, platformName: WINDOWS, proxy: Proxy(), setWindowRect: true, strictFileInteractability: false, timeouts: {implicit: 0, pageLoad: 300000, script: 30000}, unhandledPromptBehavior: dismiss and notify, webauthn:extension:credBlob: true, webauthn:extension:largeBlob: true, webauthn:virtualAuthenticators: true}\nSession ID: 181b3dd41f49b397d452871ea9c6240d\n*** Element info: {Using\u003dxpath, value\u003d//a[contains(@class,\u0027caret pull-right\u0027)]}","stackTrace":[{"declaringClass":"pruebautes.tasks.FillForm","methodName":"performAs","fileName":"FillForm.java","lineNumber":31},{"declaringClass":"pruebautes.stepdefinitions.UtestStepDefinitions","methodName":"youFillOutTheRegistrationForm","fileName":"UtestStepDefinitions.java","lineNumber":30},{"declaringClass":"cucumber.runner.Runner","methodName":"runPickle","fileName":"Runner.java","lineNumber":80}]}}},"testFailureClassname":"net.thucydides.core.webdriver.exceptions.ElementShouldBeEnabledException","testFailureMessage":"The following error occurred: Expected enabled element was not enabled","testFailureSummary":"FAILURE;net.thucydides.core.webdriver.exceptions.ElementShouldBeEnabledException;The following error occurred: Expected enabled element was not enabled;FillForm.java","projectKey":"","annotatedResult":"FAILURE","sessionId":"181b3dd41f49b397d452871ea9c6240d","driver":"chrome:user","manual":false,"testSource":"Cucumber","result":"FAILURE"}